<?xml version="1.0" encoding="utf-8"?><testsuites><testsuite name="pytest" errors="0" failures="0" skipped="0" tests="17" time="1.183" timestamp="2022-08-08T12:40:49.364657" hostname="DESK-VINI-1977"><testcase classname="tests.test_database" name="test_database_schema" time="0.065" /><testcase classname="tests.test_database" name="test_commit_to_database" time="0.028" /><testcase classname="tests.test_database" name="test_add_person_for_the_first_time" time="0.030" /><testcase classname="tests.test_database" name="test_negative_add_person_invalid_email" time="0.018" /><testcase classname="tests.test_load" name="test_load_positive_has_2_people" time="0.049" /><testcase classname="tests.test_load" name="test_load_positive_first_starts_with_j" time="0.030" /><testcase classname="tests.test_utils" name="test_positive_check_valid_email[figueiredovt@yahoo.com.br]" time="0.021" /><testcase classname="tests.test_utils" name="test_positive_check_valid_email[joe@doe.com]" time="0.022" /><testcase classname="tests.test_utils" name="test_positive_check_valid_email[a@b.pt]" time="0.023" /><testcase classname="tests.test_utils" name="test_negative_check_valid_email[figueiredovtyahoo.com.br]" time="0.018" /><testcase classname="tests.test_utils" name="test_negative_check_valid_email[@doe.com]" time="0.020" /><testcase classname="tests.test_utils" name="test_negative_check_valid_email[a@b]" time="0.019" /><testcase classname="tests.test_utils" name="test_generate_simple_password" time="0.020" /><testcase classname="integration.test_load" name="test_load_positive_call_load_command" time="0.048" /><testcase classname="integration.test_load" name="test_load_negative_call_load_command_with_wrong_params[loady]" time="0.041" /><testcase classname="integration.test_load" name="test_load_negative_call_load_command_with_wrong_params[carrega]" time="0.035" /><testcase classname="integration.test_load" name="test_load_negative_call_load_command_with_wrong_params[start]" time="0.035" /></testsuite></testsuites>